This file contains any messages produced by compilers while
running configure, to aid debugging if configure makes a mistake.

It was created by bash configure 5.1-release, which was
generated by GNU Autoconf 2.69.  Invocation command line was

  $ ./configure 

## --------- ##
## Platform. ##
## --------- ##

hostname = ade512a6168c
uname -m = aarch64
uname -r = 6.4.16-linuxkit
uname -s = Linux
uname -v = #1 SMP PREEMPT Wed Oct 25 16:32:24 UTC 2023

/usr/bin/uname -p = unknown
/bin/uname -X     = unknown

/bin/arch              = aarch64
/usr/bin/arch -k       = unknown
/usr/convex/getsysinfo = unknown
/usr/bin/hostinfo      = unknown
/bin/machine           = unknown
/usr/bin/oslevel       = unknown
/bin/universe          = unknown

PATH: /usr/local/sbin
PATH: /usr/local/bin
PATH: /usr/sbin
PATH: /usr/bin
PATH: /sbin
PATH: /bin


## ----------- ##
## Core tests. ##
## ----------- ##

configure:2814: checking build system type
configure:2828: result: aarch64-unknown-linux-gnu
configure:2848: checking host system type
configure:2861: result: aarch64-unknown-linux-gnu
configure:3489: checking for gcc
configure:3519: result: no
configure:3582: checking for cc
configure:3629: result: no
configure:3685: checking for cl.exe
configure:3715: result: no
configure:3739: error: in `/var/www/html/LaravelReactProject/bash-5.1':
configure:3741: error: no acceptable C compiler found in $PATH
See `config.log' for more details

## ---------------- ##
## Cache variables. ##
## ---------------- ##

ac_cv_build='aarch64-unknown-linux-gnu'
ac_cv_env_CC_FOR_BUILD_set=''
ac_cv_env_CC_FOR_BUILD_value=''
ac_cv_env_CC_set=''
ac_cv_env_CC_value=''
ac_cv_env_CFLAGS_FOR_BUILD_set=''
ac_cv_env_CFLAGS_FOR_BUILD_value=''
ac_cv_env_CFLAGS_set=''
ac_cv_env_CFLAGS_value=''
ac_cv_env_CPPFLAGS_FOR_BUILD_set=''
ac_cv_env_CPPFLAGS_FOR_BUILD_value=''
ac_cv_env_CPPFLAGS_set=''
ac_cv_env_CPPFLAGS_value=''
ac_cv_env_CPP_set=''
ac_cv_env_CPP_value=''
ac_cv_env_DEBUGGER_START_FILE_set=''
ac_cv_env_DEBUGGER_START_FILE_value=''
ac_cv_env_LDFLAGS_FOR_BUILD_set=''
ac_cv_env_LDFLAGS_FOR_BUILD_value=''
ac_cv_env_LDFLAGS_set=''
ac_cv_env_LDFLAGS_value=''
ac_cv_env_LIBS_set=''
ac_cv_env_LIBS_value=''
ac_cv_env_YACC_set=''
ac_cv_env_YACC_value=''
ac_cv_env_YFLAGS_set=''
ac_cv_env_YFLAGS_value=''
ac_cv_env_build_alias_set=''
ac_cv_env_build_alias_value=''
ac_cv_env_host_alias_set=''
ac_cv_env_host_alias_value=''
ac_cv_env_target_alias_set=''
ac_cv_env_target_alias_value=''
ac_cv_host='aarch64-unknown-linux-gnu'

## ----------------- ##
## Output variables. ##
## ----------------- ##

ALLOCA=''
AR=''
ARFLAGS=''
BASHVERS='5.1'
BUILD_DIR=''
BUILD_INCLUDED_LIBINTL=''
CATOBJEXT=''
CC=''
CC_FOR_BUILD=''
CFLAGS=''
CFLAGS_FOR_BUILD=''
CFLAG_VISIBILITY=''
CPP=''
CPPFLAGS=''
CPPFLAGS_FOR_BUILD=''
CROSS_COMPILE=''
DATADIRNAME=''
DEBUG=''
DEBUGGER_START_FILE='${datadir}/bashdb/bashdb-main.inc'
DEFS=''
ECHO_C=''
ECHO_N='-n'
ECHO_T=''
EGREP=''
EXEEXT=''
GENCAT=''
GETTEXT_MACRO_VERSION=''
GLIBC21=''
GLIBC2=''
GMSGFMT=''
GMSGFMT_015=''
GNULIB_OVERRIDES_WINT_T=''
GREP=''
HAVE_ASPRINTF=''
HAVE_NAMELESS_LOCALES=''
HAVE_NEWLOCALE=''
HAVE_POSIX_PRINTF=''
HAVE_SNPRINTF=''
HAVE_VISIBILITY=''
HAVE_WPRINTF=''
HELPDIR=''
HELPDIRDEFINE=''
HELPFILES_TARGET=''
HELPINSTALL=''
HELPSTRINGS=''
HISTORY_DEP=''
HISTORY_LIB=''
HIST_LIBDIR=''
INSTALL_DATA=''
INSTALL_PROGRAM=''
INSTALL_SCRIPT=''
INSTOBJEXT=''
INTLBISON=''
INTLLIBS=''
INTLOBJS=''
INTL_DEFAULT_VERBOSITY=''
INTL_DEP=''
INTL_INC=''
INTL_LIBTOOL_SUFFIX_PREFIX=''
INTL_MACOSX_LIBS=''
JOBS_O=''
LDFLAGS=''
LDFLAGS_FOR_BUILD=''
LIBICONV=''
LIBINTL=''
LIBINTL_H=''
LIBMULTITHREAD=''
LIBOBJS=''
LIBPTH=''
LIBPTH_PREFIX=''
LIBS=''
LIBS_FOR_BUILD=''
LIBTHREAD=''
LOCAL_CFLAGS=''
LOCAL_DEFS=''
LOCAL_LDFLAGS=''
LOCAL_LIBS=''
LTLIBICONV=''
LTLIBINTL=''
LTLIBMULTITHREAD=''
LTLIBOBJS=''
LTLIBPTH=''
LTLIBTHREAD=''
MAKE_SHELL=''
MALLOC_DEBUG=''
MALLOC_DEP='$(MALLOC_LIBRARY)'
MALLOC_LDFLAGS='-L$(ALLOC_LIBDIR)'
MALLOC_LIB='-lmalloc'
MALLOC_LIBRARY='$(ALLOC_LIBDIR)/libmalloc.a'
MALLOC_SRC='malloc.c'
MALLOC_TARGET='malloc'
MKDIR_P=''
MSGFMT=''
MSGFMT_015=''
MSGMERGE=''
OBJEXT=''
PACKAGE_BUGREPORT='bug-bash@gnu.org'
PACKAGE_NAME='bash'
PACKAGE_STRING='bash 5.1-release'
PACKAGE_TARNAME='bash'
PACKAGE_URL=''
PACKAGE_VERSION='5.1-release'
PATH_SEPARATOR=':'
POSUB=''
PRI_MACROS_BROKEN=''
PROFILE_FLAGS=''
PTHREAD_H_DEFINES_STRUCT_TIMESPEC=''
RANLIB=''
READLINE_DEP=''
READLINE_LIB=''
RELSTATUS='release'
RL_INCLUDE=''
RL_INCLUDEDIR=''
RL_LIBDIR=''
RL_MAJOR=''
RL_MINOR=''
RL_VERSION=''
SED=''
SET_MAKE=''
SHELL='/bin/sh'
SHOBJ_CC=''
SHOBJ_CFLAGS=''
SHOBJ_LD=''
SHOBJ_LDFLAGS=''
SHOBJ_LIBS=''
SHOBJ_STATUS=''
SHOBJ_XLDFLAGS=''
SIGLIST_O=''
SIGNAMES_H=''
SIGNAMES_O=''
SIZE=''
STATIC_LD=''
SYS_TIME_H_DEFINES_STRUCT_TIMESPEC=''
TERMCAP_DEP=''
TERMCAP_LIB=''
TESTSCRIPT='run-all'
TILDE_LIB=''
TIME_H_DEFINES_STRUCT_TIMESPEC=''
USE_INCLUDED_LIBINTL=''
USE_NLS=''
WINDRES=''
WOE32=''
WOE32DLL=''
XGETTEXT=''
XGETTEXT_015=''
XGETTEXT_EXTRA_OPTIONS=''
YACC=''
YFLAGS=''
ac_ct_CC=''
bindir='${exec_prefix}/bin'
build='aarch64-unknown-linux-gnu'
build_alias=''
build_cpu='aarch64'
build_os='linux-gnu'
build_vendor='unknown'
datadir='${datarootdir}'
datarootdir='${prefix}/share'
docdir='${datarootdir}/doc/${PACKAGE_TARNAME}'
dvidir='${docdir}'
exec_prefix='NONE'
headersdir=''
host='aarch64-unknown-linux-gnu'
host_alias=''
host_cpu='aarch64'
host_os='linux-gnu'
host_vendor='unknown'
htmldir='${docdir}'
incdir=''
includedir='${prefix}/include'
infodir='${datarootdir}/info'
libdir='${exec_prefix}/lib'
libexecdir='${exec_prefix}/libexec'
loadablesdir=''
localedir='${datarootdir}/locale'
localstatedir='${prefix}/var'
mandir='${datarootdir}/man'
oldincludedir='/usr/include'
pdfdir='${docdir}'
prefix='NONE'
program_transform_name='s,x,x,'
psdir='${docdir}'
sbindir='${exec_prefix}/sbin'
sharedstatedir='${prefix}/com'
sysconfdir='${prefix}/etc'
target_alias=''

## ----------- ##
## confdefs.h. ##
## ----------- ##

/* confdefs.h */
#define PACKAGE_NAME "bash"
#define PACKAGE_TARNAME "bash"
#define PACKAGE_VERSION "5.1-release"
#define PACKAGE_STRING "bash 5.1-release"
#define PACKAGE_BUGREPORT "bug-bash@gnu.org"
#define PACKAGE_URL ""
#define USING_BASH_MALLOC 1
#define ALIAS 1
#define PUSHD_AND_POPD 1
#define RESTRICTED_SHELL 1
#define PROCESS_SUBSTITUTION 1
#define PROMPT_STRING_DECODE 1
#define SELECT_COMMAND 1
#define HELP_BUILTIN 1
#define ARRAY_VARS 1
#define DPAREN_ARITHMETIC 1
#define BRACE_EXPANSION 1
#define COMMAND_TIMING 1
#define EXTENDED_GLOB 1
#define EXTGLOB_DEFAULT 0
#define COND_COMMAND 1
#define COND_REGEXP 1
#define COPROCESS_SUPPORT 1
#define ARITH_FOR_COMMAND 1
#define NETWORK_REDIRECTIONS 1
#define PROGRAMMABLE_COMPLETION 1
#define DEBUGGER 1
#define CASEMOD_ATTRS 1
#define CASEMOD_EXPANSIONS 1
#define GLOBASCII_DEFAULT 1
#define FUNCTION_IMPORT 1
#define MEMSCRAMBLE 1

configure: exit 1
